Arguments: 
  C:\Program Files\nodejs\node.exe C:\Users\Alvin Adetya\AppData\Roaming\npm\node_modules\yarn\bin\yarn.js add native-base

PATH: 
  C:\Windows\system32;C:\Windows;C:\Windows\System32\Wbem;C:\Windows\System32\WindowsPowerShell\v1.0\;C:\Windows\System32\OpenSSH\;C:\Program Files\nodejs\;C:\Program Files\Git\cmd;C:\Program Files\Genymobile\Genymotion\tools;C:\xampp\php;C:\composer;C:\Users\Alvin Adetya\AppData\Local\Microsoft\WindowsApps;C:\Users\Alvin Adetya\AppData\Roaming\npm;C:\Users\Alvin Adetya\AppData\Local\Programs\Microsoft VS Code\bin;C:\Users\Alvin Adetya\AppData\Roaming\Composer\vendor\bin

Yarn version: 
  1.10.1

Node version: 
  8.12.0

Platform: 
  win32 x64

Trace: 
  Error: EPERM: operation not permitted, unlink 'D:\react\react-native\belajar\tracking\node_modules\.cache\@babel\register'

npm manifest: 
  {
    "name": "empty-project-template",
    "main": "node_modules/expo/AppEntry.js",
    "private": true,
    "scripts": {
      "start": "expo start",
      "android": "expo start --android",
      "ios": "expo start --ios",
      "eject": "expo eject"
    },
    "dependencies": {
      "expo": "^31.0.2",
      "react": "16.5.0",
      "react-native": "https://github.com/expo/react-native/archive/sdk-31.0.0.tar.gz"
    },
    "devDependencies": {
      "babel-preset-expo": "^5.0.0"
    }
  }

yarn manifest: 
  No manifest

Lockfile: 
  No lockfile
